============================= test session starts =============================
platform win32 -- Python 3.12.10, pytest-9.0.2, pluggy-1.6.0
django: version: 4.2.11, settings: MyPantry.settings (from ini)
rootdir: Z:\CS4300github\group2-spring2026\your-local-code
configfile: pytest.ini
plugins: cov-7.0.0, django-4.12.0
collected 36 items

tests\test_api.py ..                                                     [  5%]
tests\test_models.py .F                                                  [ 11%]
tests\test_views.py .................                                    [ 58%]
tests\test_api.py .....                                                  [ 72%]
tests\test_models.py ....                                                [ 83%]
tests\test_utils.py ......                                               [100%]

================================== FAILURES ===================================
___________________ test_minutes_remaining_for_future_item ____________________

base_user = <User: testuser>
base_ingredient_data = {'date_expired': datetime.date(2026, 4, 3), 'date_obtained': '2026-03-02', 'food_group': 'DA', 'name': 'Good Milk', ...}

    @pytest.mark.django_db
    def test_minutes_remaining_for_future_item(base_user, base_ingredient_data):
        tomorrow = timezone.now().date() + datetime.timedelta(days=1)
        base_ingredient_data['user'] = base_user
        base_ingredient_data['date_expired'] = tomorrow
    
        item = Ingredient.objects.create(**base_ingredient_data)
        assert item.minutes_remaining == 1440
    
        # Suggestion 7: Assertions on exact Decimal types
>       assert item.quantity == Decimal("1.00")
E       AssertionError: assert '1.00' == Decimal('1.00')
E        +  where '1.00' = <Ingredient: Good Milk (1.00 Liter)>.quantity
E        +  and   Decimal('1.00') = Decimal('1.00')

tests\test_models.py:75: AssertionError
=============================== tests coverage ================================
______________ coverage: platform win32, python 3.12.10-final-0 _______________

Coverage HTML written to dir htmlcov
=========================== short test summary info ===========================
FAILED tests/test_models.py::test_minutes_remaining_for_future_item - Asserti...
======================== 1 failed, 35 passed in 10.12s ========================
